[debug] > Exec(early(addDefaultCommands), None, None)
[debug] > Exec(addDefaultCommands, None, None)
[debug] > Exec(early(initialize), None, None)
[debug] > Exec(initialize, None, None)
[debug] > Exec(early(addPluginSbtFile="""C:\Users\jingh\AppData\Local\Temp\idea.sbt"""), None, None)
[debug] > Exec(addPluginSbtFile="""C:\Users\jingh\AppData\Local\Temp\idea.sbt""", None, None)
[debug] > Exec(boot, None, None)
[debug] > Exec(writeSbtVersion, None, None)
[debug] > Exec(reload, None, None)
[debug] > Exec(sbtStashOnFailure, None, None)
[debug] > Exec(onFailure loadFailed, None, None)
[debug] > Exec(loadp, None, None)
[info] welcome to sbt 1.9.7 (Oracle Corporation Java 1.8.0_401)
[debug] Load.defaultLoad until apply took 226.1546ms
[debug]           Load.loadUnit: plugins took 214.9778ms
[debug]           Load.loadUnit: defsScala took 0.6134ms
[debug] [Loading] Scanning directory C:\Users\jingh\OneDrive - Sunway Education Group\Documents\GitHub\finalprojectv2-SpicySourCream513\project
[debug]             Load.loadUnit: mkEval took 12.7702ms
[debug] [Loading] Found non-root projects 
[debug] [Loading] Done in C:\Users\jingh\OneDrive - Sunway Education Group\Documents\GitHub\finalprojectv2-SpicySourCream513\project, returning: ()
[debug] deducing auto plugins based on known facts Set(Atom(sbt.plugins.CorePlugin)) and clauses Clauses(Clause(Atom(sbt.plugins.JvmPlugin),Set(Atom(sbt.plugins.IvyPlugin)))
[debug] Clause(Atom(sbt.ScriptedPlugin),Set(Atom(sbt.plugins.JvmPlugin)))
[debug] Clause(Atom(sbt.plugins.SbtPlugin),Set(Atom(sbt.ScriptedPlugin)))
[debug] Clause(Atom(sbt.plugins.SemanticdbPlugin),Set(Atom(sbt.plugins.JvmPlugin)))
[debug] Clause(Atom(sbt.plugins.JUnitXmlReportPlugin),Set(Atom(sbt.plugins.JvmPlugin)))
[debug] Clause(Atom(sbt.plugins.MiniDependencyTreePlugin),Set(Atom(sbt.plugins.JvmPlugin)))
[debug] Clause(Atom(sbt.plugins.CorePlugin),Set(Atom(sbt.plugins.IvyPlugin)))
[debug] Clause(Atom(sbt.plugins.IvyPlugin),Set(Atom(sbt.plugins.JvmPlugin)))
[debug] Clause(Atom(sbt.plugins.JvmPlugin),Set(Atom(sbt.plugins.SemanticdbPlugin)))
[debug] Clause(Atom(sbt.plugins.JvmPlugin),Set(Atom(sbt.plugins.JUnitXmlReportPlugin)))
[debug] Clause(Atom(sbt.plugins.CorePlugin),Set(Atom(sbt.plugins.Giter8TemplatePlugin)))
[debug] Clause(Atom(sbt.plugins.JvmPlugin),Set(Atom(sbt.plugins.MiniDependencyTreePlugin))))
[debug]   :: deduced result: Matched(sbt.plugins.CorePlugin,sbt.plugins.Giter8TemplatePlugin,sbt.plugins.IvyPlugin,sbt.plugins.JvmPlugin,sbt.plugins.MiniDependencyTreePlugin,sbt.plugins.JUnitXmlReportPlugin,sbt.plugins.SemanticdbPlugin)
[debug] Plugins.deducer#function took 53.8073 ms
[info] loading settings for project finalprojectv2-spicysourcream513-build from idea.sbt ...
[debug]               Load.resolveProject(finalprojectv2-spicysourcream513-build) took 148.2427ms
[debug]             Load.loadTransitive: finalizeProject(Project(id finalprojectv2-spicysourcream513-build, base: C:\Users\jingh\OneDrive - Sunway Education Group\Documents\GitHub\finalprojectv2-SpicySourCream513\project, plugins: List(<none>))) took 229.6167ms
[debug] [Loading] Done in C:\Users\jingh\OneDrive - Sunway Education Group\Documents\GitHub\finalprojectv2-SpicySourCream513\project, returning: (finalprojectv2-spicysourcream513-build)
[debug]           Load.loadUnit: loadedProjectsRaw took 6472.8117ms
[debug]           Load.loadUnit: cleanEvalClasses took 14.1452ms
[debug]         Load.loadUnit(file:/C:/Users/jingh/OneDrive%20-%20Sunway%20Education%20Group/Documents/GitHub/finalprojectv2-SpicySourCream513/project/, ...) took 6713.9107ms
[debug]       Load.apply: load took 6959.8546ms
[debug]       Load.apply: resolveProjects took 22.5624ms
[debug]       Load.apply: finalTransforms took 163.0383ms
[debug]       Load.apply: config.delegates took 11.5905ms
[debug]       Load.apply: Def.make(settings)... took 1033.24ms
[debug]       Load.apply: structureIndex took 273.012ms
[debug]       Load.apply: mkStreams took 3.9725ms
[info] loading project definition from C:\Users\jingh\OneDrive - Sunway Education Group\Documents\GitHub\finalprojectv2-SpicySourCream513\project
[debug] Running task... Cancel: Signal, check cycles: false, forcegc: true
[debug]     Load.loadUnit: plugins took 13106.3728ms
[debug]     Load.loadUnit: defsScala took 0.0058ms
[debug] [Loading] Scanning directory C:\Users\jingh\OneDrive - Sunway Education Group\Documents\GitHub\finalprojectv2-SpicySourCream513
[debug] [Loading] Found non-root projects 
[debug] [Loading] Done in C:\Users\jingh\OneDrive - Sunway Education Group\Documents\GitHub\finalprojectv2-SpicySourCream513, returning: ()
[debug] deducing auto plugins based on known facts Set(Atom(sbt.plugins.CorePlugin)) and clauses Clauses(Clause(Atom(sbt.plugins.JvmPlugin),Set(Atom(sbt.plugins.IvyPlugin)))
[debug] Clause(Atom(sbt.ScriptedPlugin),Set(Atom(sbt.plugins.JvmPlugin)))
[debug] Clause(Atom(sbt.plugins.SbtPlugin),Set(Atom(sbt.ScriptedPlugin)))
[debug] Clause(Atom(sbt.plugins.SemanticdbPlugin),Set(Atom(sbt.plugins.JvmPlugin)))
[debug] Clause(Atom(sbt.plugins.JUnitXmlReportPlugin),Set(Atom(sbt.plugins.JvmPlugin)))
[debug] Clause(Atom(sbt.plugins.MiniDependencyTreePlugin),Set(Atom(sbt.plugins.JvmPlugin)))
[debug] Clause(Atom(org.jetbrains.sbt.StructurePlugin),Set(Atom(sbt.plugins.JvmPlugin)))
[debug] Clause(Atom(org.jetbrains.sbt.IdeaShellPlugin),Set(Atom(sbt.plugins.JvmPlugin)))
[debug] Clause(Atom(org.jetbrains.sbt.indices.SbtIntellijIndicesPlugin),Set(Atom(sbt.plugins.JvmPlugin)))
[debug] Clause(Atom(sbt.plugins.CorePlugin),Set(Atom(sbt.plugins.IvyPlugin)))
[debug] Clause(Atom(sbt.plugins.IvyPlugin),Set(Atom(sbt.plugins.JvmPlugin)))
[debug] Clause(Atom(sbt.plugins.JvmPlugin),Set(Atom(sbt.plugins.SemanticdbPlugin)))
[debug] Clause(Atom(sbt.plugins.JvmPlugin),Set(Atom(sbt.plugins.JUnitXmlReportPlugin)))
[debug] Clause(Atom(sbt.plugins.CorePlugin),Set(Atom(sbt.plugins.Giter8TemplatePlugin)))
[debug] Clause(Atom(sbt.plugins.JvmPlugin),Set(Atom(sbt.plugins.MiniDependencyTreePlugin)))
[debug] Clause(Atom(sbt.plugins.JvmPlugin),Set(Atom(org.jetbrains.sbt.StructurePlugin)))
[debug] Clause(Atom(sbt.plugins.JvmPlugin),Set(Atom(org.jetbrains.sbt.IdeaShellPlugin)))
[debug] Clause(And(Set(Atom(sbt.plugins.CorePlugin), Atom(sbt.plugins.JvmPlugin))),Set(Atom(org.jetbrains.sbt.indices.SbtIntellijIndicesPlugin))))
[debug]   :: deduced result: Matched(sbt.plugins.CorePlugin,sbt.plugins.Giter8TemplatePlugin,sbt.plugins.IvyPlugin,sbt.plugins.JvmPlugin,sbt.plugins.SemanticdbPlugin,org.jetbrains.sbt.indices.SbtIntellijIndicesPlugin,sbt.plugins.JUnitXmlReportPlugin,org.jetbrains.sbt.IdeaShellPlugin,org.jetbrains.sbt.StructurePlugin,sbt.plugins.MiniDependencyTreePlugin)
[debug] Plugins.deducer#function took 5.1883 ms
[debug]         Load.resolveProject(finalprojectv2-spicysourcream513) took 40.3101ms
[debug]       Load.loadTransitive: finalizeProject(Project(id finalprojectv2-spicysourcream513, base: C:\Users\jingh\OneDrive - Sunway Education Group\Documents\GitHub\finalprojectv2-SpicySourCream513, plugins: List(<none>))) took 48.036ms
[debug] [Loading] Done in C:\Users\jingh\OneDrive - Sunway Education Group\Documents\GitHub\finalprojectv2-SpicySourCream513, returning: (finalprojectv2-spicysourcream513)
[debug]     Load.loadUnit: loadedProjectsRaw took 50.9336ms
[debug]     Load.loadUnit: cleanEvalClasses took 0.0124ms
[debug]   Load.loadUnit(file:/C:/Users/jingh/OneDrive%20-%20Sunway%20Education%20Group/Documents/GitHub/finalprojectv2-SpicySourCream513/, ...) took 13180.5791ms
[debug] Load.apply: load took 13239.0405ms
[debug] Load.apply: resolveProjects took 0.2508ms
[debug] Load.apply: finalTransforms took 65.375ms
[debug] Load.apply: config.delegates took 1.2201ms
[debug] Load.apply: Def.make(settings)... took 179.2942ms
[debug] Load.apply: structureIndex took 61.4476ms
[debug] Load.apply: mkStreams took 0.0236ms
[info] set current project to finalprojectv2-spicysourcream513 (in build file:/C:/Users/jingh/OneDrive%20-%20Sunway%20Education%20Group/Documents/GitHub/finalprojectv2-SpicySourCream513/)
[debug] > Exec(sbtPopOnFailure, None, None)
[debug] > Exec(resumeFromFailure, None, None)
[debug] > Exec(notifyUsersAboutShell, None, None)
[debug] > Exec(iflast shell, None, None)
[debug] > Exec(; set ideaPort in Global := 38113 ; idea-shell, None, None)
[debug] > Exec(set ideaPort in Global := 38113, None, None)
[info] Defining Global / ideaPort
[info] The new value will be used by Compile / compile, Test / compile
[debug] Defining 
[debug] 	Global / ideaPort
[debug] 
[debug] The new value will be used by 
[debug] 	Compile / compile
[debug] 	Test / compile
[info] Reapplying settings...
[info] set current project to finalprojectv2-spicysourcream513 (in build file:/C:/Users/jingh/OneDrive%20-%20Sunway%20Education%20Group/Documents/GitHub/finalprojectv2-SpicySourCream513/)
[debug] > Exec(idea-shell, None, None)
